<?xml version="1.0" encoding="UTF-8"?>
<!-- Generated by org.testng.reporters.JUnitReportReporter -->
<testsuite hostname="HPSEDC" failures="0" tests="3" name="test.Day4" time="0.020" errors="0" timestamp="2023-01-28T05:08:45 IST" skipped="0">
  <testcase classname="test.Day4" name="LoginApihomeloan" time="0.005"/>
  <system-out/>
  <testcase classname="test.Day4" name="WebLoginHomeLoan" time="0.010"/>
  <system-out/>
  <testcase classname="test.Day4" name="MobileloginhomeLoan" time="0.005"/>
  <system-out/>
</testsuite> <!-- test.Day4 -->
